<?xml version="1.0" encoding="UTF-8"?>
<testng-results ignored="0" total="6" passed="5" failed="1" skipped="0">
  <reporter-output>
  </reporter-output>
  <suite started-at="2020-12-07T10:42:39 IST" name="Default suite" finished-at="2020-12-07T10:44:25 IST" duration-ms="105805">
    <groups>
      <group name="TestGroup">
        <method signature="loginPageTest.B_method()[pri:1, instance:test.loginPageTest@65d6b83b]" name="B_method" class="test.loginPageTest"/>
      </group> <!-- TestGroup -->
    </groups>
    <test started-at="2020-12-07T10:42:39 IST" name="Default test" finished-at="2020-12-07T10:44:25 IST" duration-ms="105805">
      <class name="test.loginPageTest">
        <test-method is-config="true" signature="setup()[pri:0, instance:test.loginPageTest@65d6b83b]" started-at="2020-12-07T10:42:39 IST" name="setup" finished-at="2020-12-07T10:43:08 IST" duration-ms="29014" status="PASS">
          <reporter-output>
          </reporter-output>
        </test-method> <!-- setup -->
        <test-method signature="D_method()[pri:0, instance:test.loginPageTest@65d6b83b]" started-at="2020-12-07T10:43:08 IST" name="D_method" finished-at="2020-12-07T10:43:08 IST" duration-ms="148" status="PASS">
          <reporter-output>
          </reporter-output>
        </test-method> <!-- D_method -->
        <test-method is-config="true" signature="tearDown()[pri:0, instance:test.loginPageTest@65d6b83b]" started-at="2020-12-07T10:43:08 IST" name="tearDown" finished-at="2020-12-07T10:43:13 IST" duration-ms="4771" status="PASS">
          <reporter-output>
          </reporter-output>
        </test-method> <!-- tearDown -->
        <test-method is-config="true" signature="setup()[pri:0, instance:test.loginPageTest@65d6b83b]" started-at="2020-12-07T10:43:13 IST" name="setup" finished-at="2020-12-07T10:43:24 IST" duration-ms="11194" status="PASS">
          <reporter-output>
          </reporter-output>
        </test-method> <!-- setup -->
        <test-method signature="LoginPageTest()[pri:0, instance:test.loginPageTest@65d6b83b]" started-at="2020-12-07T10:43:24 IST" name="LoginPageTest" finished-at="2020-12-07T10:43:25 IST" duration-ms="70" status="PASS">
          <reporter-output>
          </reporter-output>
        </test-method> <!-- LoginPageTest -->
        <test-method is-config="true" signature="tearDown()[pri:0, instance:test.loginPageTest@65d6b83b]" started-at="2020-12-07T10:43:25 IST" name="tearDown" finished-at="2020-12-07T10:43:25 IST" duration-ms="224" status="PASS">
          <reporter-output>
          </reporter-output>
        </test-method> <!-- tearDown -->
        <test-method is-config="true" signature="setup()[pri:0, instance:test.loginPageTest@65d6b83b]" started-at="2020-12-07T10:43:25 IST" name="setup" finished-at="2020-12-07T10:43:39 IST" duration-ms="14102" status="PASS">
          <reporter-output>
          </reporter-output>
        </test-method> <!-- setup -->
        <test-method signature="LoginPageTest1()[pri:0, instance:test.loginPageTest@65d6b83b]" started-at="2020-12-07T10:43:39 IST" name="LoginPageTest1" finished-at="2020-12-07T10:43:41 IST" duration-ms="1847" status="FAIL">
          <exception class="org.openqa.selenium.ElementClickInterceptedException">
            <message>
              <![CDATA[element click intercepted: Element <input type="submit" value="Login" class="btn btn-small"> is not clickable at point (1182, 117). Other element would receive the click: <div id="preloader" style="opacity: 1;">...</div>
  (Session info: chrome=87.0.4280.88)
Build info: version: '3.141.59', revision: 'e82be7d358', time: '2018-11-14T08:17:03'
System info: host: 'DESKTOP-LFE9M1B', ip: '192.168.0.107', os.name: 'Windows 10', os.arch: 'amd64', os.version: '10.0', java.version: '15.0.1'
Driver info: org.openqa.selenium.chrome.ChromeDriver
Capabilities {acceptInsecureCerts: false, browserName: chrome, browserVersion: 87.0.4280.88, chrome: {chromedriverVersion: 87.0.4280.20 (c99e81631faa0..., userDataDir: C:\Users\GOPINA~1\AppData\L...}, goog:chromeOptions: {debuggerAddress: localhost:53844}, javascriptEnabled: true, networkConnectionEnabled: false, pageLoadStrategy: normal, platform: WINDOWS, platformName: WINDOWS, proxy: Proxy(), setWindowRect: true, strictFileInteractability: false, timeouts: {implicit: 0, pageLoad: 300000, script: 30000}, unhandledPromptBehavior: dismiss and notify, webauthn:virtualAuthenticators: true}
Session ID: fada8e1537cd57a38028ec8f3d37b4b2]]>
            </message>
            <full-stacktrace>
              <![CDATA[org.openqa.selenium.ElementClickInterceptedException: element click intercepted: Element <input type="submit" value="Login" class="btn btn-small"> is not clickable at point (1182, 117). Other element would receive the click: <div id="preloader" style="opacity: 1;">...</div>
  (Session info: chrome=87.0.4280.88)
Build info: version: '3.141.59', revision: 'e82be7d358', time: '2018-11-14T08:17:03'
System info: host: 'DESKTOP-LFE9M1B', ip: '192.168.0.107', os.name: 'Windows 10', os.arch: 'amd64', os.version: '10.0', java.version: '15.0.1'
Driver info: org.openqa.selenium.chrome.ChromeDriver
Capabilities {acceptInsecureCerts: false, browserName: chrome, browserVersion: 87.0.4280.88, chrome: {chromedriverVersion: 87.0.4280.20 (c99e81631faa0..., userDataDir: C:\Users\GOPINA~1\AppData\L...}, goog:chromeOptions: {debuggerAddress: localhost:53844}, javascriptEnabled: true, networkConnectionEnabled: false, pageLoadStrategy: normal, platform: WINDOWS, platformName: WINDOWS, proxy: Proxy(), setWindowRect: true, strictFileInteractability: false, timeouts: {implicit: 0, pageLoad: 300000, script: 30000}, unhandledPromptBehavior: dismiss and notify, webauthn:virtualAuthenticators: true}
Session ID: fada8e1537cd57a38028ec8f3d37b4b2
at java.base/jdk.internal.reflect.NativeConstructorAccessorImpl.newInstance0(Native Method)
at java.base/jdk.internal.reflect.NativeConstructorAccessorImpl.newInstance(NativeConstructorAccessorImpl.java:64)
at java.base/jdk.internal.reflect.DelegatingConstructorAccessorImpl.newInstance(DelegatingConstructorAccessorImpl.java:45)
at java.base/java.lang.reflect.Constructor.newInstanceWithCaller(Constructor.java:500)
at java.base/java.lang.reflect.Constructor.newInstance(Constructor.java:481)
at org.openqa.selenium.remote.http.W3CHttpResponseCodec.createException(W3CHttpResponseCodec.java:187)
at org.openqa.selenium.remote.http.W3CHttpResponseCodec.decode(W3CHttpResponseCodec.java:122)
at org.openqa.selenium.remote.http.W3CHttpResponseCodec.decode(W3CHttpResponseCodec.java:49)
at org.openqa.selenium.remote.HttpCommandExecutor.execute(HttpCommandExecutor.java:158)
at org.openqa.selenium.remote.service.DriverCommandExecutor.execute(DriverCommandExecutor.java:83)
at org.openqa.selenium.remote.RemoteWebDriver.execute(RemoteWebDriver.java:552)
at org.openqa.selenium.remote.RemoteWebElement.execute(RemoteWebElement.java:285)
at org.openqa.selenium.remote.RemoteWebElement.click(RemoteWebElement.java:84)
at java.base/jdk.internal.reflect.NativeMethodAccessorImpl.invoke0(Native Method)
at java.base/jdk.internal.reflect.NativeMethodAccessorImpl.invoke(NativeMethodAccessorImpl.java:64)
at java.base/jdk.internal.reflect.DelegatingMethodAccessorImpl.invoke(DelegatingMethodAccessorImpl.java:43)
at java.base/java.lang.reflect.Method.invoke(Method.java:564)
at org.openqa.selenium.support.pagefactory.internal.LocatingElementHandler.invoke(LocatingElementHandler.java:51)
at com.sun.proxy.$Proxy12.click(Unknown Source)
at Pages.loginPage.Validate_Login(loginPage.java:45)
at test.loginPageTest.LoginPageTest1(loginPageTest.java:34)
at java.base/jdk.internal.reflect.NativeMethodAccessorImpl.invoke0(Native Method)
at java.base/jdk.internal.reflect.NativeMethodAccessorImpl.invoke(NativeMethodAccessorImpl.java:64)
at java.base/jdk.internal.reflect.DelegatingMethodAccessorImpl.invoke(DelegatingMethodAccessorImpl.java:43)
at java.base/java.lang.reflect.Method.invoke(Method.java:564)
at org.testng.internal.MethodInvocationHelper.invokeMethod(MethodInvocationHelper.java:133)
at org.testng.internal.TestInvoker.invokeMethod(TestInvoker.java:584)
at org.testng.internal.TestInvoker.invokeTestMethod(TestInvoker.java:172)
at org.testng.internal.MethodRunner.runInSequence(MethodRunner.java:46)
at org.testng.internal.TestInvoker$MethodInvocationAgent.invoke(TestInvoker.java:804)
at org.testng.internal.TestInvoker.invokeTestMethods(TestInvoker.java:145)
at org.testng.internal.TestMethodWorker.invokeTestMethods(TestMethodWorker.java:146)
at org.testng.internal.TestMethodWorker.run(TestMethodWorker.java:128)
at java.base/java.util.ArrayList.forEach(ArrayList.java:1511)
at org.testng.TestRunner.privateRun(TestRunner.java:770)
at org.testng.TestRunner.run(TestRunner.java:591)
at org.testng.SuiteRunner.runTest(SuiteRunner.java:402)
at org.testng.SuiteRunner.runSequentially(SuiteRunner.java:396)
at org.testng.SuiteRunner.privateRun(SuiteRunner.java:355)
at org.testng.SuiteRunner.run(SuiteRunner.java:304)
at org.testng.SuiteRunnerWorker.runSuite(SuiteRunnerWorker.java:53)
at org.testng.SuiteRunnerWorker.run(SuiteRunnerWorker.java:96)
at org.testng.TestNG.runSuitesSequentially(TestNG.java:1180)
at org.testng.TestNG.runSuitesLocally(TestNG.java:1102)
at org.testng.TestNG.runSuites(TestNG.java:1032)
at org.testng.TestNG.run(TestNG.java:1000)
at org.testng.remote.AbstractRemoteTestNG.run(AbstractRemoteTestNG.java:115)
at org.testng.remote.RemoteTestNG.initAndRun(RemoteTestNG.java:251)
at org.testng.remote.RemoteTestNG.main(RemoteTestNG.java:77)
]]>
            </full-stacktrace>
          </exception> <!-- org.openqa.selenium.ElementClickInterceptedException -->
          <reporter-output>
          </reporter-output>
        </test-method> <!-- LoginPageTest1 -->
        <test-method is-config="true" signature="tearDown()[pri:0, instance:test.loginPageTest@65d6b83b]" started-at="2020-12-07T10:43:41 IST" name="tearDown" finished-at="2020-12-07T10:43:41 IST" duration-ms="288" status="PASS">
          <reporter-output>
          </reporter-output>
        </test-method> <!-- tearDown -->
        <test-method is-config="true" signature="setup()[pri:0, instance:test.loginPageTest@65d6b83b]" started-at="2020-12-07T10:43:41 IST" name="setup" finished-at="2020-12-07T10:43:56 IST" duration-ms="14801" status="PASS">
          <reporter-output>
          </reporter-output>
        </test-method> <!-- setup -->
        <test-method signature="B_method()[pri:1, instance:test.loginPageTest@65d6b83b]" started-at="2020-12-07T10:43:56 IST" name="B_method" finished-at="2020-12-07T10:43:56 IST" duration-ms="3" status="PASS">
          <reporter-output>
          </reporter-output>
        </test-method> <!-- B_method -->
        <test-method is-config="true" signature="tearDown()[pri:0, instance:test.loginPageTest@65d6b83b]" started-at="2020-12-07T10:43:56 IST" name="tearDown" finished-at="2020-12-07T10:43:59 IST" duration-ms="2690" status="PASS">
          <reporter-output>
          </reporter-output>
        </test-method> <!-- tearDown -->
        <test-method is-config="true" signature="setup()[pri:0, instance:test.loginPageTest@65d6b83b]" started-at="2020-12-07T10:43:59 IST" name="setup" finished-at="2020-12-07T10:44:12 IST" duration-ms="13338" status="PASS">
          <reporter-output>
          </reporter-output>
        </test-method> <!-- setup -->
        <test-method signature="c_method()[pri:1, instance:test.loginPageTest@65d6b83b]" started-at="2020-12-07T10:44:12 IST" name="c_method" finished-at="2020-12-07T10:44:12 IST" duration-ms="2" status="PASS">
          <reporter-output>
          </reporter-output>
        </test-method> <!-- c_method -->
        <test-method is-config="true" signature="tearDown()[pri:0, instance:test.loginPageTest@65d6b83b]" started-at="2020-12-07T10:44:12 IST" name="tearDown" finished-at="2020-12-07T10:44:12 IST" duration-ms="175" status="PASS">
          <reporter-output>
          </reporter-output>
        </test-method> <!-- tearDown -->
        <test-method is-config="true" signature="setup()[pri:0, instance:test.loginPageTest@65d6b83b]" started-at="2020-12-07T10:44:12 IST" name="setup" finished-at="2020-12-07T10:44:25 IST" duration-ms="12808" status="PASS">
          <reporter-output>
          </reporter-output>
        </test-method> <!-- setup -->
        <test-method signature="A_method()[pri:5, instance:test.loginPageTest@65d6b83b]" started-at="2020-12-07T10:44:25 IST" name="A_method" finished-at="2020-12-07T10:44:25 IST" duration-ms="2" status="PASS">
          <reporter-output>
          </reporter-output>
        </test-method> <!-- A_method -->
        <test-method is-config="true" signature="tearDown()[pri:0, instance:test.loginPageTest@65d6b83b]" started-at="2020-12-07T10:44:25 IST" name="tearDown" finished-at="2020-12-07T10:44:25 IST" duration-ms="184" status="PASS">
          <reporter-output>
          </reporter-output>
        </test-method> <!-- tearDown -->
      </class> <!-- test.loginPageTest -->
    </test> <!-- Default test -->
  </suite> <!-- Default suite -->
</testng-results>
