<?xml version="1.0" encoding="UTF-8"?>
<!-- Generated by org.testng.reporters.JUnitXMLReporter -->
<testsuite ignored="5" hostname="DESKTOP-LFE9M1B" failures="0" tests="1" name="testngTest(failed)" time="21.528" errors="0" timestamp="2020-11-30T14:44:41 IST">
  <testcase classname="test.loginPageTest" name="LoginPageTest1" time="8.751"/>
  <testcase classname="test.loginPageTest" name="LoginPageTest" time="0.0">
    <ignored/>
  </testcase> <!-- LoginPageTest -->
  <testcase classname="test.loginPageTest" name="c_method" time="0.0">
    <ignored/>
  </testcase> <!-- c_method -->
  <testcase classname="test.loginPageTest" name="A_method" time="0.0">
    <ignored/>
  </testcase> <!-- A_method -->
  <testcase classname="test.loginPageTest" name="B_method" time="0.0">
    <ignored/>
  </testcase> <!-- B_method -->
  <testcase classname="test.loginPageTest" name="D_method" time="0.0">
    <ignored/>
  </testcase> <!-- D_method -->
</testsuite> <!-- testngTest(failed) -->
