<?xml version="1.0" encoding="UTF-8"?>
<!-- Generated by org.testng.reporters.JUnitXMLReporter -->
<testsuite ignored="5" hostname="DESKTOP-LFE9M1B" failures="1" tests="1" name="LoginTest" time="0.418" errors="0" timestamp="2020-11-30T21:39:45 IST">
  <testcase classname="test.loginPageTest" name="B_method" time="0.143">
    <failure type="java.lang.NullPointerException" message="Cannot invoke &amp;quot;Pages.loginPage.a_method()&amp;quot; because &amp;quot;this.login&amp;quot; is null">
      <![CDATA[java.lang.NullPointerException: Cannot invoke "Pages.loginPage.a_method()" because "this.login" is null
at test.loginPageTest.B_method(loginPageTest.java:44)
at java.base/java.util.ArrayList.forEach(ArrayList.java:1511)
... Removed 27 stack frames]]>
    </failure>
  </testcase> <!-- B_method -->
  <testcase classname="test.loginPageTest" name="LoginPageTest" time="0.0">
    <ignored/>
  </testcase> <!-- LoginPageTest -->
  <testcase classname="test.loginPageTest" name="c_method" time="0.0">
    <ignored/>
  </testcase> <!-- c_method -->
  <testcase classname="test.loginPageTest" name="A_method" time="0.0">
    <ignored/>
  </testcase> <!-- A_method -->
  <testcase classname="test.loginPageTest" name="D_method" time="0.0">
    <ignored/>
  </testcase> <!-- D_method -->
  <testcase classname="test.loginPageTest" name="LoginPageTest1" time="0.0">
    <ignored/>
  </testcase> <!-- LoginPageTest1 -->
</testsuite> <!-- LoginTest -->
