<?xml version="1.0" encoding="UTF-8"?>
<testng-results ignored="0" total="2" passed="2" failed="0" skipped="0">
  <reporter-output>
  </reporter-output>
  <suite started-at="2020-11-27T21:27:02 IST" name="Dinesh Automation Test" finished-at="2020-11-27T21:28:46 IST" duration-ms="104370">
    <groups>
    </groups>
    <test started-at="2020-11-27T21:27:02 IST" name="testngTest" finished-at="2020-11-27T21:28:46 IST" duration-ms="104370">
      <class name="test.loginPageTest">
        <test-method is-config="true" signature="setup()[pri:0, instance:test.loginPageTest@7bb58ca3]" started-at="2020-11-27T21:27:02 IST" name="setup" finished-at="2020-11-27T21:27:55 IST" duration-ms="53604" status="PASS">
          <reporter-output>
          </reporter-output>
        </test-method> <!-- setup -->
        <test-method signature="LoginPageTest()[pri:0, instance:test.loginPageTest@7bb58ca3]" started-at="2020-11-27T21:27:55 IST" name="LoginPageTest" finished-at="2020-11-27T21:27:55 IST" duration-ms="67" status="PASS">
          <reporter-output>
          </reporter-output>
        </test-method> <!-- LoginPageTest -->
        <test-method is-config="true" signature="tearDown()[pri:0, instance:test.loginPageTest@7bb58ca3]" started-at="2020-11-27T21:27:55 IST" name="tearDown" finished-at="2020-11-27T21:27:56 IST" duration-ms="265" status="PASS">
          <reporter-output>
          </reporter-output>
        </test-method> <!-- tearDown -->
        <test-method is-config="true" signature="setup()[pri:0, instance:test.loginPageTest@7bb58ca3]" started-at="2020-11-27T21:27:56 IST" name="setup" finished-at="2020-11-27T21:28:27 IST" duration-ms="31771" status="PASS">
          <reporter-output>
          </reporter-output>
        </test-method> <!-- setup -->
        <test-method signature="LoginPageTest1()[pri:0, instance:test.loginPageTest@7bb58ca3]" started-at="2020-11-27T21:28:27 IST" name="LoginPageTest1" finished-at="2020-11-27T21:28:45 IST" duration-ms="17713" status="PASS">
          <reporter-output>
          </reporter-output>
        </test-method> <!-- LoginPageTest1 -->
        <test-method is-config="true" signature="tearDown()[pri:0, instance:test.loginPageTest@7bb58ca3]" started-at="2020-11-27T21:28:45 IST" name="tearDown" finished-at="2020-11-27T21:28:46 IST" duration-ms="829" status="PASS">
          <reporter-output>
          </reporter-output>
        </test-method> <!-- tearDown -->
      </class> <!-- test.loginPageTest -->
    </test> <!-- testngTest -->
  </suite> <!-- Dinesh Automation Test -->
</testng-results>
